<?xml version="1.0" encoding="UTF-8"?>
<testsuite xmlns:xsi="http://www.w3.org/2001/XMLSchema-instance" xsi:noNamespaceSchemaLocation="https://maven.apache.org/surefire/maven-surefire-plugin/xsd/surefire-test-report.xsd" name="CS3300.schema.ClassTest" time="0.028" tests="3" errors="0" skipped="0" failures="0">
  <properties>
[...]
</properties>
  <testcase name="testParameterizedConstructor" classname="CS3300.schema.ClassTest" time="0.026"/>
  <testcase name="testSettersAndGetters" classname="CS3300.schema.ClassTest" time="0.001"/>
  <testcase name="testDefaultConstructor" classname="CS3300.schema.ClassTest" time="0"/>
</testsuite>